<?xml version="1.0" encoding="UTF-8"?>
<robot generator="Robot 6.0.2 (Python 3.9.13 on win32)" generated="20230125 16:15:32.776" rpa="false" schemaversion="3">
<suite id="s1" name="Add Employee Test" source="C:\Users\40032482\orange_automation\2__employee_suite\01__add_employee_test.robot">
<test id="s1-t1" name="add valid Epmloyee Test_${test_name}" line="12">
<kw name="Launch Browser and Navigate to Url" library="common_functionalities" type="SETUP">
<kw name="Open Browser" library="SeleniumLibrary">
<arg>browser=${BROWSER_NAME}</arg>
<doc>Opens a new browser instance to the optional ``url``.</doc>
<msg timestamp="20230125 16:15:34.478" level="INFO">Opening browser 'chrome' to base url 'None'.</msg>
<status status="PASS" starttime="20230125 16:15:34.478" endtime="20230125 16:15:37.416"/>
</kw>
<kw name="Maximize Browser Window" library="SeleniumLibrary">
<doc>Maximizes current browser window.</doc>
<status status="PASS" starttime="20230125 16:15:37.417" endtime="20230125 16:15:37.544"/>
</kw>
<kw name="Set Selenium Implicit Wait" library="SeleniumLibrary">
<arg>20s</arg>
<doc>Sets the implicit wait value used by Selenium.</doc>
<status status="PASS" starttime="20230125 16:15:37.544" endtime="20230125 16:15:37.544"/>
</kw>
<kw name="Go To" library="SeleniumLibrary">
<arg>url=${URL}</arg>
<doc>Navigates the current browser window to the provided ``url``.</doc>
<msg timestamp="20230125 16:15:37.544" level="INFO">Opening url 'https://opensource-demo.orangehrmlive.com/'</msg>
<status status="PASS" starttime="20230125 16:15:37.544" endtime="20230125 16:15:42.168"/>
</kw>
<status status="PASS" starttime="20230125 16:15:34.462" endtime="20230125 16:15:42.169"/>
</kw>
<kw name="add valid Employee Template">
<arg>Admin</arg>
<arg>admin123</arg>
<arg>jack</arg>
<arg>jo</arg>
<arg>singh</arg>
<arg>sin</arg>
<arg>jack</arg>
<kw name="Input Text" library="SeleniumLibrary">
<arg>name=username</arg>
<arg>${username}</arg>
<doc>Types the given ``text`` into the text field identified by ``locator``.</doc>
<msg timestamp="20230125 16:15:42.172" level="INFO">Typing text 'Admin' into text field 'name=username'.</msg>
<status status="PASS" starttime="20230125 16:15:42.170" endtime="20230125 16:15:43.300"/>
</kw>
<kw name="Input Text" library="SeleniumLibrary">
<arg>name=password</arg>
<arg>${password}</arg>
<doc>Types the given ``text`` into the text field identified by ``locator``.</doc>
<msg timestamp="20230125 16:15:43.300" level="INFO">Typing text 'admin123' into text field 'name=password'.</msg>
<status status="PASS" starttime="20230125 16:15:43.300" endtime="20230125 16:15:43.433"/>
</kw>
<kw name="Click Element" library="SeleniumLibrary">
<arg>xpath=//button[contains(normalize-space(),'Login')]</arg>
<doc>Click the element identified by ``locator``.</doc>
<msg timestamp="20230125 16:15:43.433" level="INFO">Clicking element 'xpath=//button[contains(normalize-space(),'Login')]'.</msg>
<status status="PASS" starttime="20230125 16:15:43.433" endtime="20230125 16:15:44.892"/>
</kw>
<kw name="Click Element" library="SeleniumLibrary">
<arg>xpath=//span[contains(normalize-space(),'PIM')]</arg>
<doc>Click the element identified by ``locator``.</doc>
<msg timestamp="20230125 16:15:44.894" level="INFO">Clicking element 'xpath=//span[contains(normalize-space(),'PIM')]'.</msg>
<status status="PASS" starttime="20230125 16:15:44.893" endtime="20230125 16:15:46.893"/>
</kw>
<kw name="Click Element" library="SeleniumLibrary">
<arg>link=Add Employee</arg>
<doc>Click the element identified by ``locator``.</doc>
<msg timestamp="20230125 16:15:46.894" level="INFO">Clicking element 'link=Add Employee'.</msg>
<status status="PASS" starttime="20230125 16:15:46.893" endtime="20230125 16:15:48.368"/>
</kw>
<kw name="Input Text" library="SeleniumLibrary">
<arg>name=firstName</arg>
<arg>${firstName}</arg>
<doc>Types the given ``text`` into the text field identified by ``locator``.</doc>
<msg timestamp="20230125 16:15:48.370" level="INFO">Typing text 'jack' into text field 'name=firstName'.</msg>
<status status="PASS" starttime="20230125 16:15:48.370" endtime="20230125 16:15:48.913"/>
</kw>
<kw name="Input Text" library="SeleniumLibrary">
<arg>name=middleName</arg>
<arg>${middleName}</arg>
<doc>Types the given ``text`` into the text field identified by ``locator``.</doc>
<msg timestamp="20230125 16:15:48.914" level="INFO">Typing text 'jo' into text field 'name=middleName'.</msg>
<status status="PASS" starttime="20230125 16:15:48.913" endtime="20230125 16:15:49.028"/>
</kw>
<kw name="Input Text" library="SeleniumLibrary">
<arg>name=lastName</arg>
<arg>${lastName}</arg>
<doc>Types the given ``text`` into the text field identified by ``locator``.</doc>
<msg timestamp="20230125 16:15:49.029" level="INFO">Typing text 'singh' into text field 'name=lastName'.</msg>
<status status="PASS" starttime="20230125 16:15:49.028" endtime="20230125 16:15:49.136"/>
</kw>
<kw name="Sleep" library="BuiltIn">
<arg>3s</arg>
<doc>Pauses the test executed for the given time.</doc>
<msg timestamp="20230125 16:15:52.147" level="INFO">Slept 3 seconds</msg>
<status status="PASS" starttime="20230125 16:15:49.137" endtime="20230125 16:15:52.147"/>
</kw>
<kw name="Click Element" library="SeleniumLibrary">
<arg>xpath=//button[contains(normalize-space(),'Save')]</arg>
<doc>Click the element identified by ``locator``.</doc>
<msg timestamp="20230125 16:15:52.147" level="INFO">Clicking element 'xpath=//button[contains(normalize-space(),'Save')]'.</msg>
<status status="PASS" starttime="20230125 16:15:52.147" endtime="20230125 16:15:52.213"/>
</kw>
<kw name="Element Should Contain" library="SeleniumLibrary">
<arg>xpath=//h6[contains(normalize-space(),'${firstName}')]</arg>
<arg>${expected_header}</arg>
<doc>Verifies that element ``locator`` contains text ``expected``.</doc>
<msg timestamp="20230125 16:15:58.357" level="INFO">Element 'xpath=//h6[contains(normalize-space(),'jack')]' contains text 'sin'.</msg>
<status status="PASS" starttime="20230125 16:15:52.213" endtime="20230125 16:15:58.357"/>
</kw>
<kw name="Element Attribute Value Should Be" library="SeleniumLibrary">
<arg>xpath=//input[@name='firstName']</arg>
<arg>value</arg>
<arg>${expected_value}</arg>
<doc>Verifies element identified by ``locator`` contains expected attribute value.</doc>
<msg timestamp="20230125 16:15:58.388" level="INFO">Element 'xpath=//input[@name='firstName']' attribute 'value' contains value 'jack'.</msg>
<status status="PASS" starttime="20230125 16:15:58.357" endtime="20230125 16:15:58.388"/>
</kw>
<status status="PASS" starttime="20230125 16:15:42.169" endtime="20230125 16:15:58.388"/>
</kw>
<kw name="Close Browser" library="SeleniumLibrary" type="TEARDOWN">
<doc>Closes the current browser.</doc>
<status status="PASS" starttime="20230125 16:15:58.388" endtime="20230125 16:16:00.640"/>
</kw>
<status status="PASS" starttime="20230125 16:15:34.462" endtime="20230125 16:16:00.640"/>
</test>
<test id="s1-t2" name="add valid Epmloyee Test_${test_name}" line="12">
<kw name="Launch Browser and Navigate to Url" library="common_functionalities" type="SETUP">
<kw name="Open Browser" library="SeleniumLibrary">
<arg>browser=${BROWSER_NAME}</arg>
<doc>Opens a new browser instance to the optional ``url``.</doc>
<msg timestamp="20230125 16:16:00.640" level="INFO">Opening browser 'chrome' to base url 'None'.</msg>
<status status="PASS" starttime="20230125 16:16:00.640" endtime="20230125 16:16:02.439"/>
</kw>
<kw name="Maximize Browser Window" library="SeleniumLibrary">
<doc>Maximizes current browser window.</doc>
<status status="PASS" starttime="20230125 16:16:02.439" endtime="20230125 16:16:02.581"/>
</kw>
<kw name="Set Selenium Implicit Wait" library="SeleniumLibrary">
<arg>20s</arg>
<doc>Sets the implicit wait value used by Selenium.</doc>
<status status="PASS" starttime="20230125 16:16:02.582" endtime="20230125 16:16:02.586"/>
</kw>
<kw name="Go To" library="SeleniumLibrary">
<arg>url=${URL}</arg>
<doc>Navigates the current browser window to the provided ``url``.</doc>
<msg timestamp="20230125 16:16:02.588" level="INFO">Opening url 'https://opensource-demo.orangehrmlive.com/'</msg>
<status status="PASS" starttime="20230125 16:16:02.587" endtime="20230125 16:16:08.619"/>
</kw>
<status status="PASS" starttime="20230125 16:16:00.640" endtime="20230125 16:16:08.620"/>
</kw>
<kw name="add valid Employee Template">
<arg>Admin</arg>
<arg>admin123</arg>
<arg>jass</arg>
<arg>winder</arg>
<arg>dhillon</arg>
<arg>dhi</arg>
<arg>jass</arg>
<kw name="Input Text" library="SeleniumLibrary">
<arg>name=username</arg>
<arg>${username}</arg>
<doc>Types the given ``text`` into the text field identified by ``locator``.</doc>
<msg timestamp="20230125 16:16:08.622" level="INFO">Typing text 'Admin' into text field 'name=username'.</msg>
<status status="PASS" starttime="20230125 16:16:08.621" endtime="20230125 16:16:13.169"/>
</kw>
<kw name="Input Text" library="SeleniumLibrary">
<arg>name=password</arg>
<arg>${password}</arg>
<doc>Types the given ``text`` into the text field identified by ``locator``.</doc>
<msg timestamp="20230125 16:16:13.169" level="INFO">Typing text 'admin123' into text field 'name=password'.</msg>
<status status="PASS" starttime="20230125 16:16:13.169" endtime="20230125 16:16:13.292"/>
</kw>
<kw name="Click Element" library="SeleniumLibrary">
<arg>xpath=//button[contains(normalize-space(),'Login')]</arg>
<doc>Click the element identified by ``locator``.</doc>
<msg timestamp="20230125 16:16:13.292" level="INFO">Clicking element 'xpath=//button[contains(normalize-space(),'Login')]'.</msg>
<status status="PASS" starttime="20230125 16:16:13.292" endtime="20230125 16:16:14.821"/>
</kw>
<kw name="Click Element" library="SeleniumLibrary">
<arg>xpath=//span[contains(normalize-space(),'PIM')]</arg>
<doc>Click the element identified by ``locator``.</doc>
<msg timestamp="20230125 16:16:14.822" level="INFO">Clicking element 'xpath=//span[contains(normalize-space(),'PIM')]'.</msg>
<status status="PASS" starttime="20230125 16:16:14.821" endtime="20230125 16:16:16.955"/>
</kw>
<kw name="Click Element" library="SeleniumLibrary">
<arg>link=Add Employee</arg>
<doc>Click the element identified by ``locator``.</doc>
<msg timestamp="20230125 16:16:16.955" level="INFO">Clicking element 'link=Add Employee'.</msg>
<status status="PASS" starttime="20230125 16:16:16.955" endtime="20230125 16:16:18.427"/>
</kw>
<kw name="Input Text" library="SeleniumLibrary">
<arg>name=firstName</arg>
<arg>${firstName}</arg>
<doc>Types the given ``text`` into the text field identified by ``locator``.</doc>
<msg timestamp="20230125 16:16:18.428" level="INFO">Typing text 'jass' into text field 'name=firstName'.</msg>
<status status="PASS" starttime="20230125 16:16:18.427" endtime="20230125 16:16:18.972"/>
</kw>
<kw name="Input Text" library="SeleniumLibrary">
<arg>name=middleName</arg>
<arg>${middleName}</arg>
<doc>Types the given ``text`` into the text field identified by ``locator``.</doc>
<msg timestamp="20230125 16:16:18.974" level="INFO">Typing text 'winder' into text field 'name=middleName'.</msg>
<status status="PASS" starttime="20230125 16:16:18.973" endtime="20230125 16:16:19.086"/>
</kw>
<kw name="Input Text" library="SeleniumLibrary">
<arg>name=lastName</arg>
<arg>${lastName}</arg>
<doc>Types the given ``text`` into the text field identified by ``locator``.</doc>
<msg timestamp="20230125 16:16:19.087" level="INFO">Typing text 'dhillon' into text field 'name=lastName'.</msg>
<status status="PASS" starttime="20230125 16:16:19.087" endtime="20230125 16:16:19.199"/>
</kw>
<kw name="Sleep" library="BuiltIn">
<arg>3s</arg>
<doc>Pauses the test executed for the given time.</doc>
<msg timestamp="20230125 16:16:22.204" level="INFO">Slept 3 seconds</msg>
<status status="PASS" starttime="20230125 16:16:19.200" endtime="20230125 16:16:22.204"/>
</kw>
<kw name="Click Element" library="SeleniumLibrary">
<arg>xpath=//button[contains(normalize-space(),'Save')]</arg>
<doc>Click the element identified by ``locator``.</doc>
<msg timestamp="20230125 16:16:22.206" level="INFO">Clicking element 'xpath=//button[contains(normalize-space(),'Save')]'.</msg>
<status status="PASS" starttime="20230125 16:16:22.205" endtime="20230125 16:16:22.272"/>
</kw>
<kw name="Element Should Contain" library="SeleniumLibrary">
<arg>xpath=//h6[contains(normalize-space(),'${firstName}')]</arg>
<arg>${expected_header}</arg>
<doc>Verifies that element ``locator`` contains text ``expected``.</doc>
<msg timestamp="20230125 16:16:27.189" level="INFO">Element 'xpath=//h6[contains(normalize-space(),'jass')]' contains text 'dhi'.</msg>
<status status="PASS" starttime="20230125 16:16:22.273" endtime="20230125 16:16:27.189"/>
</kw>
<kw name="Element Attribute Value Should Be" library="SeleniumLibrary">
<arg>xpath=//input[@name='firstName']</arg>
<arg>value</arg>
<arg>${expected_value}</arg>
<doc>Verifies element identified by ``locator`` contains expected attribute value.</doc>
<msg timestamp="20230125 16:16:27.222" level="INFO">Element 'xpath=//input[@name='firstName']' attribute 'value' contains value 'jass'.</msg>
<status status="PASS" starttime="20230125 16:16:27.189" endtime="20230125 16:16:27.222"/>
</kw>
<status status="PASS" starttime="20230125 16:16:08.620" endtime="20230125 16:16:27.222"/>
</kw>
<kw name="Close Browser" library="SeleniumLibrary" type="TEARDOWN">
<doc>Closes the current browser.</doc>
<status status="PASS" starttime="20230125 16:16:27.223" endtime="20230125 16:16:29.506"/>
</kw>
<status status="PASS" starttime="20230125 16:16:00.640" endtime="20230125 16:16:29.506"/>
</test>
<doc>This file contains test cases for add valid employee
records</doc>
<status status="PASS" starttime="20230125 16:15:32.776" endtime="20230125 16:16:29.506"/>
</suite>
<statistics>
<total>
<stat pass="2" fail="0" skip="0">All Tests</stat>
</total>
<tag>
</tag>
<suite>
<stat pass="2" fail="0" skip="0" id="s1" name="Add Employee Test">Add Employee Test</stat>
</suite>
</statistics>
<errors>
<msg timestamp="20230125 16:16:00.640" level="WARN">Multiple tests with name 'add valid Epmloyee Test_${test_name}' executed in suite 'Add Employee Test'.</msg>
</errors>
</robot>
